# JRE version: OpenJDK Runtime Environment Temurin-21.0.7+6 (21.0.7+6) (build 21.0.7+6-LTS)
# Java VM: OpenJDK 64-Bit Server VM Temurin-21.0.7+6 (21.0.7+6-LTS, mixed mode, sharing, tiered, compressed oops, compressed class ptrs, parallel gc, windows-amd64)
GC Precious Log:
 CardTable entry size: 512
 CPUs: 20 total, 20 available
 Memory: 7880M
 Large Page Support: Disabled
 NUMA Support: Disabled
 Compressed Oops: Enabled (32-bit)
 Alignments: Space 512K, Generation 512K, Heap 2M
 Heap Min Capacity: 100M
 Heap Initial Capacity: 100M
 Heap Max Capacity: 2G
 Pre-touch: Disabled
 Parallel Workers: 15
Heap:
 PSYoungGen      total 2560K, used 2544K [0x00000000d5580000, 0x00000000d5980000, 0x0000000100000000)
  eden space 2048K, 100% used [0x00000000d5580000,0x00000000d5780000,0x00000000d5780000)
  from space 512K, 96% used [0x00000000d5880000,0x00000000d58fc010,0x00000000d5900000)
  to   space 1024K, 0% used [0x00000000d5780000,0x00000000d5780000,0x00000000d5880000)
 ParOldGen       total 509952K, used 313603K [0x0000000080000000, 0x000000009f200000, 0x00000000d5580000)
  object space 509952K, 61% used [0x0000000080000000,0x0000000093240fc8,0x000000009f200000)
 Metaspace       used 65220K, committed 66624K, reserved 1114112K
  class space    used 6673K, committed 7296K, reserved 1048576K
GC Heap History (20 events):
Event: 44.363 GC heap before
{Heap before GC invocations=1016 (full 3):
 PSYoungGen      total 2560K, used 2560K [0x00000000d5580000, 0x00000000d5980000, 0x0000000100000000)
  eden space 2048K, 100% used [0x00000000d5580000,0x00000000d5780000,0x00000000d5780000)
  from space 512K, 100% used [0x00000000d5880000,0x00000000d5900000,0x00000000d5900000)
  to   space 1024K, 0% used [0x00000000d5780000,0x00000000d5780000,0x00000000d5880000)
 ParOldGen       total 509952K, used 310930K [0x0000000080000000, 0x000000009f200000, 0x00000000d5580000)
  object space 509952K, 60% used [0x0000000080000000,0x0000000092fa4b38,0x000000009f200000)
 Metaspace       used 64915K, committed 66304K, reserved 1114112K
  class space    used 6651K, committed 7296K, reserved 1048576K
}
Event: 44.365 GC heap after
{Heap after GC invocations=1016 (full 3):
 PSYoungGen      total 3072K, used 512K [0x00000000d5580000, 0x00000000d5980000, 0x0000000100000000)
  eden space 2048K, 0% used [0x00000000d5580000,0x00000000d5580000,0x00000000d5780000)
  from space 1024K, 50% used [0x00000000d5780000,0x00000000d5800000,0x00000000d5880000)
  to   space 1024K, 0% used [0x00000000d5880000,0x00000000d5880000,0x00000000d5980000)
 ParOldGen       total 509952K, used 311186K [0x0000000080000000, 0x000000009f200000, 0x00000000d5580000)
  object space 509952K, 61% used [0x0000000080000000,0x0000000092fe4b38,0x000000009f200000)
 Metaspace       used 64915K, committed 66304K, reserved 1114112K
  class space    used 6651K, committed 7296K, reserved 1048576K
}
Event: 44.376 GC heap before
{Heap before GC invocations=1017 (full 3):
 PSYoungGen      total 3072K, used 2560K [0x00000000d5580000, 0x00000000d5980000, 0x0000000100000000)
  eden space 2048K, 100% used [0x00000000d5580000,0x00000000d5780000,0x00000000d5780000)
  from space 1024K, 50% used [0x00000000d5780000,0x00000000d5800000,0x00000000d5880000)
  to   space 1024K, 0% used [0x00000000d5880000,0x00000000d5880000,0x00000000d5980000)
 ParOldGen       total 509952K, used 311205K [0x0000000080000000, 0x000000009f200000, 0x00000000d5580000)
  object space 509952K, 61% used [0x0000000080000000,0x0000000092fe9788,0x000000009f200000)
 Metaspace       used 64932K, committed 66304K, reserved 1114112K
  class space    used 6653K, committed 7296K, reserved 1048576K
}
Event: 44.379 GC heap after
{Heap after GC invocations=1017 (full 3):
 PSYoungGen      total 3072K, used 512K [0x00000000d5580000, 0x00000000d5980000, 0x0000000100000000)
  eden space 2048K, 0% used [0x00000000d5580000,0x00000000d5580000,0x00000000d5780000)
  from space 1024K, 50% used [0x00000000d5880000,0x00000000d5900000,0x00000000d5980000)
  to   space 1024K, 0% used [0x00000000d5780000,0x00000000d5780000,0x00000000d5880000)
 ParOldGen       total 509952K, used 311477K [0x0000000080000000, 0x000000009f200000, 0x00000000d5580000)
  object space 509952K, 61% used [0x0000000080000000,0x000000009302d788,0x000000009f200000)
 Metaspace       used 64932K, committed 66304K, reserved 1114112K
  class space    used 6653K, committed 7296K, reserved 1048576K
}
Event: 44.393 GC heap before
{Heap before GC invocations=1018 (full 3):
 PSYoungGen      total 3072K, used 2552K [0x00000000d5580000, 0x00000000d5980000, 0x0000000100000000)
  eden space 2048K, 99% used [0x00000000d5580000,0x00000000d577e160,0x00000000d5780000)
  from space 1024K, 50% used [0x00000000d5880000,0x00000000d5900000,0x00000000d5980000)
  to   space 1024K, 0% used [0x00000000d5780000,0x00000000d5780000,0x00000000d5880000)
 ParOldGen       total 509952K, used 311477K [0x0000000080000000, 0x000000009f200000, 0x00000000d5580000)
  object space 509952K, 61% used [0x0000000080000000,0x000000009302d788,0x000000009f200000)
 Metaspace       used 64937K, committed 66304K, reserved 1114112K
  class space    used 6653K, committed 7296K, reserved 1048576K
}
Event: 44.396 GC heap after
{Heap after GC invocations=1018 (full 3):
 PSYoungGen      total 3072K, used 416K [0x00000000d5580000, 0x00000000d5900000, 0x0000000100000000)
  eden space 2048K, 0% used [0x00000000d5580000,0x00000000d5580000,0x00000000d5780000)
  from space 1024K, 40% used [0x00000000d5780000,0x00000000d57e8000,0x00000000d5880000)
  to   space 512K, 0% used [0x00000000d5880000,0x00000000d5880000,0x00000000d5900000)
 ParOldGen       total 509952K, used 311757K [0x0000000080000000, 0x000000009f200000, 0x00000000d5580000)
  object space 509952K, 61% used [0x0000000080000000,0x0000000093073788,0x000000009f200000)
 Metaspace       used 64937K, committed 66304K, reserved 1114112K
  class space    used 6653K, committed 7296K, reserved 1048576K
}
Event: 44.418 GC heap before
{Heap before GC invocations=1019 (full 3):
 PSYoungGen      total 3072K, used 2463K [0x00000000d5580000, 0x00000000d5900000, 0x0000000100000000)
  eden space 2048K, 99% used [0x00000000d5580000,0x00000000d577ff78,0x00000000d5780000)
  from space 1024K, 40% used [0x00000000d5780000,0x00000000d57e8000,0x00000000d5880000)
  to   space 512K, 0% used [0x00000000d5880000,0x00000000d5880000,0x00000000d5900000)
 ParOldGen       total 509952K, used 311757K [0x0000000080000000, 0x000000009f200000, 0x00000000d5580000)
  object space 509952K, 61% used [0x0000000080000000,0x0000000093073788,0x000000009f200000)
 Metaspace       used 64947K, committed 66368K, reserved 1114112K
  class space    used 6653K, committed 7296K, reserved 1048576K
}
Event: 44.420 GC heap after
{Heap after GC invocations=1019 (full 3):
 PSYoungGen      total 2560K, used 480K [0x00000000d5580000, 0x00000000d5900000, 0x0000000100000000)
  eden space 2048K, 0% used [0x00000000d5580000,0x00000000d5580000,0x00000000d5780000)
  from space 512K, 93% used [0x00000000d5880000,0x00000000d58f8000,0x00000000d5900000)
  to   space 512K, 0% used [0x00000000d5800000,0x00000000d5800000,0x00000000d5880000)
 ParOldGen       total 509952K, used 311997K [0x0000000080000000, 0x000000009f200000, 0x00000000d5580000)
  object space 509952K, 61% used [0x0000000080000000,0x00000000930af788,0x000000009f200000)
 Metaspace       used 64947K, committed 66368K, reserved 1114112K
  class space    used 6653K, committed 7296K, reserved 1048576K
}
Event: 44.434 GC heap before
{Heap before GC invocations=1020 (full 3):
 PSYoungGen      total 2560K, used 2528K [0x00000000d5580000, 0x00000000d5900000, 0x0000000100000000)
  eden space 2048K, 100% used [0x00000000d5580000,0x00000000d5780000,0x00000000d5780000)
  from space 512K, 93% used [0x00000000d5880000,0x00000000d58f8000,0x00000000d5900000)
  to   space 512K, 0% used [0x00000000d5800000,0x00000000d5800000,0x00000000d5880000)
 ParOldGen       total 509952K, used 311997K [0x0000000080000000, 0x000000009f200000, 0x00000000d5580000)
  object space 509952K, 61% used [0x0000000080000000,0x00000000930af788,0x000000009f200000)
 Metaspace       used 64967K, committed 66368K, reserved 1114112K
  class space    used 6655K, committed 7296K, reserved 1048576K
}
Event: 44.436 GC heap after
{Heap after GC invocations=1020 (full 3):
 PSYoungGen      total 2560K, used 496K [0x00000000d5580000, 0x00000000d5980000, 0x0000000100000000)
  eden space 2048K, 0% used [0x00000000d5580000,0x00000000d5580000,0x00000000d5780000)
  from space 512K, 96% used [0x00000000d5800000,0x00000000d587c248,0x00000000d5880000)
  to   space 1024K, 0% used [0x00000000d5880000,0x00000000d5880000,0x00000000d5980000)
 ParOldGen       total 509952K, used 312277K [0x0000000080000000, 0x000000009f200000, 0x00000000d5580000)
  object space 509952K, 61% used [0x0000000080000000,0x00000000930f5788,0x000000009f200000)
 Metaspace       used 64967K, committed 66368K, reserved 1114112K
  class space    used 6655K, committed 7296K, reserved 1048576K
}
Event: 44.447 GC heap before
{Heap before GC invocations=1021 (full 3):
 PSYoungGen      total 2560K, used 2534K [0x00000000d5580000, 0x00000000d5980000, 0x0000000100000000)
  eden space 2048K, 99% used [0x00000000d5580000,0x00000000d577d820,0x00000000d5780000)
  from space 512K, 96% used [0x00000000d5800000,0x00000000d587c248,0x00000000d5880000)
  to   space 1024K, 0% used [0x00000000d5880000,0x00000000d5880000,0x00000000d5980000)
 ParOldGen       total 509952K, used 312277K [0x0000000080000000, 0x000000009f200000, 0x00000000d5580000)
  object space 509952K, 61% used [0x0000000080000000,0x00000000930f5788,0x000000009f200000)
 Metaspace       used 65017K, committed 66432K, reserved 1114112K
  class space    used 6660K, committed 7296K, reserved 1048576K
}
Event: 44.450 GC heap after
{Heap after GC invocations=1021 (full 3):
 PSYoungGen      total 3072K, used 512K [0x00000000d5580000, 0x00000000d5980000, 0x0000000100000000)
  eden space 2048K, 0% used [0x00000000d5580000,0x00000000d5580000,0x00000000d5780000)
  from space 1024K, 50% used [0x00000000d5880000,0x00000000d5900000,0x00000000d5980000)
  to   space 1024K, 0% used [0x00000000d5780000,0x00000000d5780000,0x00000000d5880000)
 ParOldGen       total 509952K, used 312567K [0x0000000080000000, 0x000000009f200000, 0x00000000d5580000)
  object space 509952K, 61% used [0x0000000080000000,0x000000009313dfa8,0x000000009f200000)
 Metaspace       used 65017K, committed 66432K, reserved 1114112K
  class space    used 6660K, committed 7296K, reserved 1048576K
}
Event: 44.462 GC heap before
{Heap before GC invocations=1022 (full 3):
 PSYoungGen      total 3072K, used 2560K [0x00000000d5580000, 0x00000000d5980000, 0x0000000100000000)
  eden space 2048K, 100% used [0x00000000d5580000,0x00000000d5780000,0x00000000d5780000)
  from space 1024K, 50% used [0x00000000d5880000,0x00000000d5900000,0x00000000d5980000)
  to   space 1024K, 0% used [0x00000000d5780000,0x00000000d5780000,0x00000000d5880000)
 ParOldGen       total 509952K, used 312567K [0x0000000080000000, 0x000000009f200000, 0x00000000d5580000)
  object space 509952K, 61% used [0x0000000080000000,0x000000009313dfa8,0x000000009f200000)
 Metaspace       used 65056K, committed 66432K, reserved 1114112K
  class space    used 6663K, committed 7296K, reserved 1048576K
}
Event: 44.466 GC heap after
{Heap after GC invocations=1022 (full 3):
 PSYoungGen      total 3072K, used 448K [0x00000000d5580000, 0x00000000d5900000, 0x0000000100000000)
  eden space 2048K, 0% used [0x00000000d5580000,0x00000000d5580000,0x00000000d5780000)
  from space 1024K, 43% used [0x00000000d5780000,0x00000000d57f0000,0x00000000d5880000)
  to   space 512K, 0% used [0x00000000d5880000,0x00000000d5880000,0x00000000d5900000)
 ParOldGen       total 509952K, used 312791K [0x0000000080000000, 0x000000009f200000, 0x00000000d5580000)
  object space 509952K, 61% used [0x0000000080000000,0x0000000093175fa8,0x000000009f200000)
 Metaspace       used 65056K, committed 66432K, reserved 1114112K
  class space    used 6663K, committed 7296K, reserved 1048576K
}
Event: 44.490 GC heap before
{Heap before GC invocations=1023 (full 3):
 PSYoungGen      total 3072K, used 2496K [0x00000000d5580000, 0x00000000d5900000, 0x0000000100000000)
  eden space 2048K, 100% used [0x00000000d5580000,0x00000000d5780000,0x00000000d5780000)
  from space 1024K, 43% used [0x00000000d5780000,0x00000000d57f0000,0x00000000d5880000)
  to   space 512K, 0% used [0x00000000d5880000,0x00000000d5880000,0x00000000d5900000)
 ParOldGen       total 509952K, used 312791K [0x0000000080000000, 0x000000009f200000, 0x00000000d5580000)
  object space 509952K, 61% used [0x0000000080000000,0x0000000093175fa8,0x000000009f200000)
 Metaspace       used 65128K, committed 66496K, reserved 1114112K
  class space    used 6665K, committed 7296K, reserved 1048576K
}
Event: 44.493 GC heap after
{Heap after GC invocations=1023 (full 3):
 PSYoungGen      total 2560K, used 496K [0x00000000d5580000, 0x00000000d5900000, 0x0000000100000000)
  eden space 2048K, 0% used [0x00000000d5580000,0x00000000d5580000,0x00000000d5780000)
  from space 512K, 97% used [0x00000000d5880000,0x00000000d58fc3c0,0x00000000d5900000)
  to   space 1024K, 0% used [0x00000000d5780000,0x00000000d5780000,0x00000000d5880000)
 ParOldGen       total 509952K, used 313055K [0x0000000080000000, 0x000000009f200000, 0x00000000d5580000)
  object space 509952K, 61% used [0x0000000080000000,0x00000000931b7fa8,0x000000009f200000)
 Metaspace       used 65128K, committed 66496K, reserved 1114112K
  class space    used 6665K, committed 7296K, reserved 1048576K
}
Event: 44.508 GC heap before
{Heap before GC invocations=1024 (full 3):
 PSYoungGen      total 2560K, used 2544K [0x00000000d5580000, 0x00000000d5900000, 0x0000000100000000)
  eden space 2048K, 100% used [0x00000000d5580000,0x00000000d5780000,0x00000000d5780000)
  from space 512K, 97% used [0x00000000d5880000,0x00000000d58fc3c0,0x00000000d5900000)
  to   space 1024K, 0% used [0x00000000d5780000,0x00000000d5780000,0x00000000d5880000)
 ParOldGen       total 509952K, used 313055K [0x0000000080000000, 0x000000009f200000, 0x00000000d5580000)
  object space 509952K, 61% used [0x0000000080000000,0x00000000931b7fa8,0x000000009f200000)
 Metaspace       used 65167K, committed 66560K, reserved 1114112K
  class space    used 6668K, committed 7296K, reserved 1048576K
}
Event: 44.510 GC heap after
{Heap after GC invocations=1024 (full 3):
 PSYoungGen      total 3072K, used 528K [0x00000000d5580000, 0x00000000d5900000, 0x0000000100000000)
  eden space 2048K, 0% used [0x00000000d5580000,0x00000000d5580000,0x00000000d5780000)
  from space 1024K, 51% used [0x00000000d5780000,0x00000000d5804010,0x00000000d5880000)
  to   space 512K, 0% used [0x00000000d5880000,0x00000000d5880000,0x00000000d5900000)
 ParOldGen       total 509952K, used 313331K [0x0000000080000000, 0x000000009f200000, 0x00000000d5580000)
  object space 509952K, 61% used [0x0000000080000000,0x00000000931fcfc8,0x000000009f200000)
 Metaspace       used 65167K, committed 66560K, reserved 1114112K
  class space    used 6668K, committed 7296K, reserved 1048576K
}
Event: 44.533 GC heap before
{Heap before GC invocations=1025 (full 3):
 PSYoungGen      total 3072K, used 2576K [0x00000000d5580000, 0x00000000d5900000, 0x0000000100000000)
  eden space 2048K, 100% used [0x00000000d5580000,0x00000000d5780000,0x00000000d5780000)
  from space 1024K, 51% used [0x00000000d5780000,0x00000000d5804010,0x00000000d5880000)
  to   space 512K, 0% used [0x00000000d5880000,0x00000000d5880000,0x00000000d5900000)
 ParOldGen       total 509952K, used 313331K [0x0000000080000000, 0x000000009f200000, 0x00000000d5580000)
  object space 509952K, 61% used [0x0000000080000000,0x00000000931fcfc8,0x000000009f200000)
 Metaspace       used 65209K, committed 66560K, reserved 1114112K
  class space    used 6671K, committed 7296K, reserved 1048576K
}
Event: 44.537 GC heap after
{Heap after GC invocations=1025 (full 3):
 PSYoungGen      total 2560K, used 496K [0x00000000d5580000, 0x00000000d5980000, 0x0000000100000000)
  eden space 2048K, 0% used [0x00000000d5580000,0x00000000d5580000,0x00000000d5780000)
  from space 512K, 96% used [0x00000000d5880000,0x00000000d58fc010,0x00000000d5900000)
  to   space 1024K, 0% used [0x00000000d5780000,0x00000000d5780000,0x00000000d5880000)
 ParOldGen       total 509952K, used 313603K [0x0000000080000000, 0x000000009f200000, 0x00000000d5580000)
  object space 509952K, 61% used [0x0000000080000000,0x0000000093240fc8,0x000000009f200000)
 Metaspace       used 65209K, committed 66560K, reserved 1114112K
  class space    used 6671K, committed 7296K, reserved 1048576K
}

