# JRE version: OpenJDK Runtime Environment Temurin-21.0.6+7 (21.0.6+7) (build 21.0.6+7-LTS)
# Java VM: OpenJDK 64-Bit Server VM Temurin-21.0.6+7 (21.0.6+7-LTS, mixed mode, sharing, tiered, compressed oops, compressed class ptrs, parallel gc, windows-amd64)
GC Precious Log:
 CardTable entry size: 512
 CPUs: 20 total, 20 available
 Memory: 7880M
 Large Page Support: Disabled
 NUMA Support: Disabled
 Compressed Oops: Enabled (32-bit)
 Alignments: Space 512K, Generation 512K, Heap 2M
 Heap Min Capacity: 100M
 Heap Initial Capacity: 100M
 Heap Max Capacity: 1G
 Pre-touch: Disabled
 Parallel Workers: 15
Heap:
 PSYoungGen      total 10752K, used 10730K [0x00000000eab00000, 0x00000000eb900000, 0x0000000100000000)
  eden space 9728K, 100% used [0x00000000eab00000,0x00000000eb480000,0x00000000eb480000)
  from space 1024K, 97% used [0x00000000eb780000,0x00000000eb87a910,0x00000000eb880000)
  to   space 512K, 98% used [0x00000000eb880000,0x00000000eb8fe900,0x00000000eb900000)
 ParOldGen       total 454656K, used 454426K [0x00000000c0000000, 0x00000000dbc00000, 0x00000000eab00000)
  object space 454656K, 99% used [0x00000000c0000000,0x00000000dbbc6948,0x00000000dbc00000)
 Metaspace       used 104216K, committed 106048K, reserved 1179648K
  class space    used 9749K, committed 10624K, reserved 1048576K
GC Heap History (20 events):
Event: 11578.848 GC heap before
{Heap before GC invocations=12769 (full 54):
 PSYoungGen      total 12288K, used 10400K [0x00000000eab00000, 0x00000000eb900000, 0x0000000100000000)
  eden space 9728K, 100% used [0x00000000eab00000,0x00000000eb480000,0x00000000eb480000)
  from space 2560K, 26% used [0x00000000eb480000,0x00000000eb528000,0x00000000eb700000)
  to   space 1024K, 0% used [0x00000000eb800000,0x00000000eb800000,0x00000000eb900000)
 ParOldGen       total 442368K, used 442120K [0x00000000c0000000, 0x00000000db000000, 0x00000000eab00000)
  object space 442368K, 99% used [0x00000000c0000000,0x00000000dafc21f0,0x00000000db000000)
 Metaspace       used 104216K, committed 106048K, reserved 1179648K
  class space    used 9749K, committed 10624K, reserved 1048576K
}
Event: 11578.853 GC heap after
{Heap after GC invocations=12769 (full 54):
 PSYoungGen      total 10752K, used 1018K [0x00000000eab00000, 0x00000000eb980000, 0x0000000100000000)
  eden space 9728K, 0% used [0x00000000eab00000,0x00000000eab00000,0x00000000eb480000)
  from space 1024K, 99% used [0x00000000eb800000,0x00000000eb8fe900,0x00000000eb900000)
  to   space 2560K, 0% used [0x00000000eb480000,0x00000000eb480000,0x00000000eb700000)
 ParOldGen       total 443392K, used 443074K [0x00000000c0000000, 0x00000000db100000, 0x00000000eab00000)
  object space 443392K, 99% used [0x00000000c0000000,0x00000000db0b0858,0x00000000db100000)
 Metaspace       used 104216K, committed 106048K, reserved 1179648K
  class space    used 9749K, committed 10624K, reserved 1048576K
}
Event: 11578.980 GC heap before
{Heap before GC invocations=12770 (full 54):
 PSYoungGen      total 10752K, used 10746K [0x00000000eab00000, 0x00000000eb980000, 0x0000000100000000)
  eden space 9728K, 100% used [0x00000000eab00000,0x00000000eb480000,0x00000000eb480000)
  from space 1024K, 99% used [0x00000000eb800000,0x00000000eb8fe900,0x00000000eb900000)
  to   space 2560K, 0% used [0x00000000eb480000,0x00000000eb480000,0x00000000eb700000)
 ParOldGen       total 443392K, used 443074K [0x00000000c0000000, 0x00000000db100000, 0x00000000eab00000)
  object space 443392K, 99% used [0x00000000c0000000,0x00000000db0b0858,0x00000000db100000)
 Metaspace       used 104216K, committed 106048K, reserved 1179648K
  class space    used 9749K, committed 10624K, reserved 1048576K
}
Event: 11578.985 GC heap after
{Heap after GC invocations=12770 (full 54):
 PSYoungGen      total 11264K, used 1386K [0x00000000eab00000, 0x00000000eb880000, 0x0000000100000000)
  eden space 9728K, 0% used [0x00000000eab00000,0x00000000eab00000,0x00000000eb480000)
  from space 1536K, 90% used [0x00000000eb480000,0x00000000eb5da910,0x00000000eb600000)
  to   space 2048K, 0% used [0x00000000eb680000,0x00000000eb680000,0x00000000eb880000)
 ParOldGen       total 444416K, used 444026K [0x00000000c0000000, 0x00000000db200000, 0x00000000eab00000)
  object space 444416K, 99% used [0x00000000c0000000,0x00000000db19ea60,0x00000000db200000)
 Metaspace       used 104216K, committed 106048K, reserved 1179648K
  class space    used 9749K, committed 10624K, reserved 1048576K
}
Event: 11579.004 GC heap before
{Heap before GC invocations=12771 (full 54):
 PSYoungGen      total 11264K, used 11114K [0x00000000eab00000, 0x00000000eb880000, 0x0000000100000000)
  eden space 9728K, 100% used [0x00000000eab00000,0x00000000eb480000,0x00000000eb480000)
  from space 1536K, 90% used [0x00000000eb480000,0x00000000eb5da910,0x00000000eb600000)
  to   space 2048K, 0% used [0x00000000eb680000,0x00000000eb680000,0x00000000eb880000)
 ParOldGen       total 444416K, used 444026K [0x00000000c0000000, 0x00000000db200000, 0x00000000eab00000)
  object space 444416K, 99% used [0x00000000c0000000,0x00000000db19ea60,0x00000000db200000)
 Metaspace       used 104216K, committed 106048K, reserved 1179648K
  class space    used 9749K, committed 10624K, reserved 1048576K
}
Event: 11579.008 GC heap after
{Heap after GC invocations=12771 (full 54):
 PSYoungGen      total 11264K, used 1492K [0x00000000eab00000, 0x00000000eb800000, 0x0000000100000000)
  eden space 9728K, 0% used [0x00000000eab00000,0x00000000eab00000,0x00000000eb480000)
  from space 1536K, 97% used [0x00000000eb680000,0x00000000eb7f5200,0x00000000eb800000)
  to   space 1536K, 0% used [0x00000000eb480000,0x00000000eb480000,0x00000000eb600000)
 ParOldGen       total 445440K, used 445183K [0x00000000c0000000, 0x00000000db300000, 0x00000000eab00000)
  object space 445440K, 99% used [0x00000000c0000000,0x00000000db2bffb0,0x00000000db300000)
 Metaspace       used 104216K, committed 106048K, reserved 1179648K
  class space    used 9749K, committed 10624K, reserved 1048576K
}
Event: 11583.677 GC heap before
{Heap before GC invocations=12772 (full 54):
 PSYoungGen      total 11264K, used 11220K [0x00000000eab00000, 0x00000000eb800000, 0x0000000100000000)
  eden space 9728K, 100% used [0x00000000eab00000,0x00000000eb480000,0x00000000eb480000)
  from space 1536K, 97% used [0x00000000eb680000,0x00000000eb7f5200,0x00000000eb800000)
  to   space 1536K, 0% used [0x00000000eb480000,0x00000000eb480000,0x00000000eb600000)
 ParOldGen       total 445440K, used 445183K [0x00000000c0000000, 0x00000000db300000, 0x00000000eab00000)
  object space 445440K, 99% used [0x00000000c0000000,0x00000000db2bffb0,0x00000000db300000)
 Metaspace       used 104216K, committed 106048K, reserved 1179648K
  class space    used 9749K, committed 10624K, reserved 1048576K
}
Event: 11583.681 GC heap after
{Heap after GC invocations=12772 (full 54):
 PSYoungGen      total 11264K, used 704K [0x00000000eab00000, 0x00000000eb700000, 0x0000000100000000)
  eden space 9728K, 0% used [0x00000000eab00000,0x00000000eab00000,0x00000000eb480000)
  from space 1536K, 45% used [0x00000000eb480000,0x00000000eb530000,0x00000000eb600000)
  to   space 1024K, 0% used [0x00000000eb600000,0x00000000eb600000,0x00000000eb700000)
 ParOldGen       total 446464K, used 446380K [0x00000000c0000000, 0x00000000db400000, 0x00000000eab00000)
  object space 446464K, 99% used [0x00000000c0000000,0x00000000db3eb248,0x00000000db400000)
 Metaspace       used 104216K, committed 106048K, reserved 1179648K
  class space    used 9749K, committed 10624K, reserved 1048576K
}
Event: 11585.315 GC heap before
{Heap before GC invocations=12773 (full 54):
 PSYoungGen      total 11264K, used 10432K [0x00000000eab00000, 0x00000000eb700000, 0x0000000100000000)
  eden space 9728K, 100% used [0x00000000eab00000,0x00000000eb480000,0x00000000eb480000)
  from space 1536K, 45% used [0x00000000eb480000,0x00000000eb530000,0x00000000eb600000)
  to   space 1024K, 0% used [0x00000000eb600000,0x00000000eb600000,0x00000000eb700000)
 ParOldGen       total 446464K, used 446380K [0x00000000c0000000, 0x00000000db400000, 0x00000000eab00000)
  object space 446464K, 99% used [0x00000000c0000000,0x00000000db3eb248,0x00000000db400000)
 Metaspace       used 104216K, committed 106048K, reserved 1179648K
  class space    used 9749K, committed 10624K, reserved 1048576K
}
Event: 11585.319 GC heap after
{Heap after GC invocations=12773 (full 54):
 PSYoungGen      total 10752K, used 826K [0x00000000eab00000, 0x00000000eb700000, 0x0000000100000000)
  eden space 9728K, 0% used [0x00000000eab00000,0x00000000eab00000,0x00000000eb480000)
  from space 1024K, 80% used [0x00000000eb600000,0x00000000eb6ce900,0x00000000eb700000)
  to   space 1024K, 0% used [0x00000000eb500000,0x00000000eb500000,0x00000000eb600000)
 ParOldGen       total 446976K, used 446898K [0x00000000c0000000, 0x00000000db480000, 0x00000000eab00000)
  object space 446976K, 99% used [0x00000000c0000000,0x00000000db46ca28,0x00000000db480000)
 Metaspace       used 104216K, committed 106048K, reserved 1179648K
  class space    used 9749K, committed 10624K, reserved 1048576K
}
Event: 11585.365 GC heap before
{Heap before GC invocations=12774 (full 54):
 PSYoungGen      total 10752K, used 10554K [0x00000000eab00000, 0x00000000eb700000, 0x0000000100000000)
  eden space 9728K, 100% used [0x00000000eab00000,0x00000000eb480000,0x00000000eb480000)
  from space 1024K, 80% used [0x00000000eb600000,0x00000000eb6ce900,0x00000000eb700000)
  to   space 1024K, 0% used [0x00000000eb500000,0x00000000eb500000,0x00000000eb600000)
 ParOldGen       total 446976K, used 446898K [0x00000000c0000000, 0x00000000db480000, 0x00000000eab00000)
  object space 446976K, 99% used [0x00000000c0000000,0x00000000db46ca28,0x00000000db480000)
 Metaspace       used 104216K, committed 106048K, reserved 1179648K
  class space    used 9749K, committed 10624K, reserved 1048576K
}
Event: 11585.369 GC heap after
{Heap after GC invocations=12774 (full 54):
 PSYoungGen      total 10752K, used 1003K [0x00000000eab00000, 0x00000000ebe80000, 0x0000000100000000)
  eden space 9728K, 0% used [0x00000000eab00000,0x00000000eab00000,0x00000000eb480000)
  from space 1024K, 98% used [0x00000000eb500000,0x00000000eb5faea0,0x00000000eb600000)
  to   space 5120K, 0% used [0x00000000eb980000,0x00000000eb980000,0x00000000ebe80000)
 ParOldGen       total 450560K, used 450197K [0x00000000c0000000, 0x00000000db800000, 0x00000000eab00000)
  object space 450560K, 99% used [0x00000000c0000000,0x00000000db7a5500,0x00000000db800000)
 Metaspace       used 104216K, committed 106048K, reserved 1179648K
  class space    used 9749K, committed 10624K, reserved 1048576K
}
Event: 11586.682 GC heap before
{Heap before GC invocations=12775 (full 54):
 PSYoungGen      total 10752K, used 10731K [0x00000000eab00000, 0x00000000ebe80000, 0x0000000100000000)
  eden space 9728K, 100% used [0x00000000eab00000,0x00000000eb480000,0x00000000eb480000)
  from space 1024K, 98% used [0x00000000eb500000,0x00000000eb5faea0,0x00000000eb600000)
  to   space 5120K, 0% used [0x00000000eb980000,0x00000000eb980000,0x00000000ebe80000)
 ParOldGen       total 450560K, used 450197K [0x00000000c0000000, 0x00000000db800000, 0x00000000eab00000)
  object space 450560K, 99% used [0x00000000c0000000,0x00000000db7a5500,0x00000000db800000)
 Metaspace       used 104216K, committed 106048K, reserved 1179648K
  class space    used 9749K, committed 10624K, reserved 1048576K
}
Event: 11586.688 GC heap after
{Heap after GC invocations=12775 (full 54):
 PSYoungGen      total 11264K, used 1210K [0x00000000eab00000, 0x00000000ebb00000, 0x0000000100000000)
  eden space 9728K, 0% used [0x00000000eab00000,0x00000000eab00000,0x00000000eb480000)
  from space 1536K, 78% used [0x00000000eb980000,0x00000000ebaae900,0x00000000ebb00000)
  to   space 2560K, 0% used [0x00000000eb600000,0x00000000eb600000,0x00000000eb880000)
 ParOldGen       total 450560K, used 450439K [0x00000000c0000000, 0x00000000db800000, 0x00000000eab00000)
  object space 450560K, 99% used [0x00000000c0000000,0x00000000db7e1dc8,0x00000000db800000)
 Metaspace       used 104216K, committed 106048K, reserved 1179648K
  class space    used 9749K, committed 10624K, reserved 1048576K
}
Event: 11586.812 GC heap before
{Heap before GC invocations=12776 (full 54):
 PSYoungGen      total 11264K, used 10938K [0x00000000eab00000, 0x00000000ebb00000, 0x0000000100000000)
  eden space 9728K, 100% used [0x00000000eab00000,0x00000000eb480000,0x00000000eb480000)
  from space 1536K, 78% used [0x00000000eb980000,0x00000000ebaae900,0x00000000ebb00000)
  to   space 2560K, 0% used [0x00000000eb600000,0x00000000eb600000,0x00000000eb880000)
 ParOldGen       total 450560K, used 450439K [0x00000000c0000000, 0x00000000db800000, 0x00000000eab00000)
  object space 450560K, 99% used [0x00000000c0000000,0x00000000db7e1dc8,0x00000000db800000)
 Metaspace       used 104216K, committed 106048K, reserved 1179648K
  class space    used 9749K, committed 10624K, reserved 1048576K
}
Event: 11586.816 GC heap after
{Heap after GC invocations=12776 (full 54):
 PSYoungGen      total 12288K, used 1204K [0x00000000eab00000, 0x00000000eba00000, 0x0000000100000000)
  eden space 9728K, 0% used [0x00000000eab00000,0x00000000eab00000,0x00000000eb480000)
  from space 2560K, 47% used [0x00000000eb600000,0x00000000eb72d200,0x00000000eb880000)
  to   space 1536K, 0% used [0x00000000eb880000,0x00000000eb880000,0x00000000eba00000)
 ParOldGen       total 451584K, used 451396K [0x00000000c0000000, 0x00000000db900000, 0x00000000eab00000)
  object space 451584K, 99% used [0x00000000c0000000,0x00000000db8d13a0,0x00000000db900000)
 Metaspace       used 104216K, committed 106048K, reserved 1179648K
  class space    used 9749K, committed 10624K, reserved 1048576K
}
Event: 11586.828 GC heap before
{Heap before GC invocations=12777 (full 54):
 PSYoungGen      total 12288K, used 10932K [0x00000000eab00000, 0x00000000eba00000, 0x0000000100000000)
  eden space 9728K, 100% used [0x00000000eab00000,0x00000000eb480000,0x00000000eb480000)
  from space 2560K, 47% used [0x00000000eb600000,0x00000000eb72d200,0x00000000eb880000)
  to   space 1536K, 0% used [0x00000000eb880000,0x00000000eb880000,0x00000000eba00000)
 ParOldGen       total 451584K, used 451396K [0x00000000c0000000, 0x00000000db900000, 0x00000000eab00000)
  object space 451584K, 99% used [0x00000000c0000000,0x00000000db8d13a0,0x00000000db900000)
 Metaspace       used 104216K, committed 106048K, reserved 1179648K
  class space    used 9749K, committed 10624K, reserved 1048576K
}
Event: 11586.830 GC heap after
{Heap after GC invocations=12777 (full 54):
 PSYoungGen      total 10752K, used 608K [0x00000000eab00000, 0x00000000eb980000, 0x0000000100000000)
  eden space 9728K, 0% used [0x00000000eab00000,0x00000000eab00000,0x00000000eb480000)
  from space 1024K, 59% used [0x00000000eb880000,0x00000000eb918000,0x00000000eb980000)
  to   space 1024K, 0% used [0x00000000eb780000,0x00000000eb780000,0x00000000eb880000)
 ParOldGen       total 452608K, used 452415K [0x00000000c0000000, 0x00000000dba00000, 0x00000000eab00000)
  object space 452608K, 99% used [0x00000000c0000000,0x00000000db9cff00,0x00000000dba00000)
 Metaspace       used 104216K, committed 106048K, reserved 1179648K
  class space    used 9749K, committed 10624K, reserved 1048576K
}
Event: 11586.895 GC heap before
{Heap before GC invocations=12778 (full 54):
 PSYoungGen      total 10752K, used 10336K [0x00000000eab00000, 0x00000000eb980000, 0x0000000100000000)
  eden space 9728K, 100% used [0x00000000eab00000,0x00000000eb480000,0x00000000eb480000)
  from space 1024K, 59% used [0x00000000eb880000,0x00000000eb918000,0x00000000eb980000)
  to   space 1024K, 0% used [0x00000000eb780000,0x00000000eb780000,0x00000000eb880000)
 ParOldGen       total 452608K, used 452415K [0x00000000c0000000, 0x00000000dba00000, 0x00000000eab00000)
  object space 452608K, 99% used [0x00000000c0000000,0x00000000db9cff00,0x00000000dba00000)
 Metaspace       used 104216K, committed 106048K, reserved 1179648K
  class space    used 9749K, committed 10624K, reserved 1048576K
}
Event: 11586.897 GC heap after
{Heap after GC invocations=12778 (full 54):
 PSYoungGen      total 10752K, used 1002K [0x00000000eab00000, 0x00000000eb900000, 0x0000000100000000)
  eden space 9728K, 0% used [0x00000000eab00000,0x00000000eab00000,0x00000000eb480000)
  from space 1024K, 97% used [0x00000000eb780000,0x00000000eb87a910,0x00000000eb880000)
  to   space 512K, 0% used [0x00000000eb880000,0x00000000eb880000,0x00000000eb900000)
 ParOldGen       total 453120K, used 452791K [0x00000000c0000000, 0x00000000dba80000, 0x00000000eab00000)
  object space 453120K, 99% used [0x00000000c0000000,0x00000000dba2df28,0x00000000dba80000)
 Metaspace       used 104216K, committed 106048K, reserved 1179648K
  class space    used 9749K, committed 10624K, reserved 1048576K
}

