# JRE version: OpenJDK Runtime Environment Temurin-21.0.6+7 (21.0.6+7) (build 21.0.6+7-LTS)
# Java VM: OpenJDK 64-Bit Server VM Temurin-21.0.6+7 (21.0.6+7-LTS, mixed mode, sharing, tiered, compressed oops, compressed class ptrs, parallel gc, windows-amd64)
GC Precious Log:
 CardTable entry size: 512
 CPUs: 20 total, 20 available
 Memory: 7880M
 Large Page Support: Disabled
 NUMA Support: Disabled
 Compressed Oops: Enabled (32-bit)
 Alignments: Space 512K, Generation 512K, Heap 2M
 Heap Min Capacity: 100M
 Heap Initial Capacity: 100M
 Heap Max Capacity: 1G
 Pre-touch: Disabled
 Parallel Workers: 15
Heap:
 PSYoungGen      total 8192K, used 4447K [0x00000000eab00000, 0x00000000eb600000, 0x0000000100000000)
  eden space 7168K, 53% used [0x00000000eab00000,0x00000000eaebea68,0x00000000eb200000)
  from space 1024K, 59% used [0x00000000eb280000,0x00000000eb319210,0x00000000eb380000)
  to   space 1536K, 0% used [0x00000000eb480000,0x00000000eb480000,0x00000000eb600000)
 ParOldGen       total 627200K, used 626751K [0x00000000c0000000, 0x00000000e6480000, 0x00000000eab00000)
  object space 627200K, 99% used [0x00000000c0000000,0x00000000e640fc98,0x00000000e6480000)
 Metaspace       used 100136K, committed 101824K, reserved 1179648K
  class space    used 9562K, committed 10432K, reserved 1048576K
GC Heap History (20 events):
Event: 3399.221 GC heap before
{Heap before GC invocations=6741 (full 29):
 PSYoungGen      total 2560K, used 2253K [0x00000000eab00000, 0x00000000eb080000, 0x0000000100000000)
  eden space 1024K, 100% used [0x00000000eab00000,0x00000000eac00000,0x00000000eac00000)
  from space 1536K, 80% used [0x00000000eac00000,0x00000000ead335a0,0x00000000ead80000)
  to   space 2048K, 0% used [0x00000000eae80000,0x00000000eae80000,0x00000000eb080000)
 ParOldGen       total 578560K, used 578359K [0x00000000c0000000, 0x00000000e3500000, 0x00000000eab00000)
  object space 578560K, 99% used [0x00000000c0000000,0x00000000e34cde10,0x00000000e3500000)
 Metaspace       used 100136K, committed 101824K, reserved 1179648K
  class space    used 9562K, committed 10432K, reserved 1048576K
}
Event: 3399.223 GC heap after
{Heap after GC invocations=6741 (full 29):
 PSYoungGen      total 3072K, used 1216K [0x00000000eab00000, 0x00000000eb000000, 0x0000000100000000)
  eden space 1536K, 0% used [0x00000000eab00000,0x00000000eab00000,0x00000000eac80000)
  from space 1536K, 79% used [0x00000000eae80000,0x00000000eafb0000,0x00000000eb000000)
  to   space 1536K, 0% used [0x00000000ead00000,0x00000000ead00000,0x00000000eae80000)
 ParOldGen       total 579584K, used 579428K [0x00000000c0000000, 0x00000000e3600000, 0x00000000eab00000)
  object space 579584K, 99% used [0x00000000c0000000,0x00000000e35d93b0,0x00000000e3600000)
 Metaspace       used 100136K, committed 101824K, reserved 1179648K
  class space    used 9562K, committed 10432K, reserved 1048576K
}
Event: 3399.225 GC heap before
{Heap before GC invocations=6742 (full 29):
 PSYoungGen      total 3072K, used 2752K [0x00000000eab00000, 0x00000000eb000000, 0x0000000100000000)
  eden space 1536K, 100% used [0x00000000eab00000,0x00000000eac80000,0x00000000eac80000)
  from space 1536K, 79% used [0x00000000eae80000,0x00000000eafb0000,0x00000000eb000000)
  to   space 1536K, 0% used [0x00000000ead00000,0x00000000ead00000,0x00000000eae80000)
 ParOldGen       total 579584K, used 579428K [0x00000000c0000000, 0x00000000e3600000, 0x00000000eab00000)
  object space 579584K, 99% used [0x00000000c0000000,0x00000000e35d93b0,0x00000000e3600000)
 Metaspace       used 100136K, committed 101824K, reserved 1179648K
  class space    used 9562K, committed 10432K, reserved 1048576K
}
Event: 3399.227 GC heap after
{Heap after GC invocations=6742 (full 29):
 PSYoungGen      total 3584K, used 1536K [0x00000000eab00000, 0x00000000eb300000, 0x0000000100000000)
  eden space 2048K, 0% used [0x00000000eab00000,0x00000000eab00000,0x00000000ead00000)
  from space 1536K, 100% used [0x00000000ead00000,0x00000000eae80000,0x00000000eae80000)
  to   space 3072K, 0% used [0x00000000eb000000,0x00000000eb000000,0x00000000eb300000)
 ParOldGen       total 580608K, used 580556K [0x00000000c0000000, 0x00000000e3700000, 0x00000000eab00000)
  object space 580608K, 99% used [0x00000000c0000000,0x00000000e36f33b0,0x00000000e3700000)
 Metaspace       used 100136K, committed 101824K, reserved 1179648K
  class space    used 9562K, committed 10432K, reserved 1048576K
}
Event: 3399.229 GC heap before
{Heap before GC invocations=6743 (full 29):
 PSYoungGen      total 3584K, used 3584K [0x00000000eab00000, 0x00000000eb300000, 0x0000000100000000)
  eden space 2048K, 100% used [0x00000000eab00000,0x00000000ead00000,0x00000000ead00000)
  from space 1536K, 100% used [0x00000000ead00000,0x00000000eae80000,0x00000000eae80000)
  to   space 3072K, 0% used [0x00000000eb000000,0x00000000eb000000,0x00000000eb300000)
 ParOldGen       total 580608K, used 580556K [0x00000000c0000000, 0x00000000e3700000, 0x00000000eab00000)
  object space 580608K, 99% used [0x00000000c0000000,0x00000000e36f33b0,0x00000000e3700000)
 Metaspace       used 100136K, committed 101824K, reserved 1179648K
  class space    used 9562K, committed 10432K, reserved 1048576K
}
Event: 3399.231 GC heap after
{Heap after GC invocations=6743 (full 29):
 PSYoungGen      total 5120K, used 2272K [0x00000000eab00000, 0x00000000eb280000, 0x0000000100000000)
  eden space 2560K, 0% used [0x00000000eab00000,0x00000000eab00000,0x00000000ead80000)
  from space 2560K, 88% used [0x00000000eb000000,0x00000000eb238000,0x00000000eb280000)
  to   space 2560K, 0% used [0x00000000ead80000,0x00000000ead80000,0x00000000eb000000)
 ParOldGen       total 582144K, used 582060K [0x00000000c0000000, 0x00000000e3880000, 0x00000000eab00000)
  object space 582144K, 99% used [0x00000000c0000000,0x00000000e386b3b0,0x00000000e3880000)
 Metaspace       used 100136K, committed 101824K, reserved 1179648K
  class space    used 9562K, committed 10432K, reserved 1048576K
}
Event: 3399.236 GC heap before
{Heap before GC invocations=6744 (full 29):
 PSYoungGen      total 5120K, used 4832K [0x00000000eab00000, 0x00000000eb280000, 0x0000000100000000)
  eden space 2560K, 100% used [0x00000000eab00000,0x00000000ead80000,0x00000000ead80000)
  from space 2560K, 88% used [0x00000000eb000000,0x00000000eb238000,0x00000000eb280000)
  to   space 2560K, 0% used [0x00000000ead80000,0x00000000ead80000,0x00000000eb000000)
 ParOldGen       total 582144K, used 582060K [0x00000000c0000000, 0x00000000e3880000, 0x00000000eab00000)
  object space 582144K, 99% used [0x00000000c0000000,0x00000000e386b3b0,0x00000000e3880000)
 Metaspace       used 100136K, committed 101824K, reserved 1179648K
  class space    used 9562K, committed 10432K, reserved 1048576K
}
Event: 3399.239 GC heap after
{Heap after GC invocations=6744 (full 29):
 PSYoungGen      total 5120K, used 2536K [0x00000000eab00000, 0x00000000eb800000, 0x0000000100000000)
  eden space 2560K, 0% used [0x00000000eab00000,0x00000000eab00000,0x00000000ead80000)
  from space 2560K, 99% used [0x00000000ead80000,0x00000000eaffa000,0x00000000eb000000)
  to   space 5120K, 0% used [0x00000000eb300000,0x00000000eb300000,0x00000000eb800000)
 ParOldGen       total 584192K, used 584156K [0x00000000c0000000, 0x00000000e3a80000, 0x00000000eab00000)
  object space 584192K, 99% used [0x00000000c0000000,0x00000000e3a773b0,0x00000000e3a80000)
 Metaspace       used 100136K, committed 101824K, reserved 1179648K
  class space    used 9562K, committed 10432K, reserved 1048576K
}
Event: 3399.256 GC heap before
{Heap before GC invocations=6745 (full 29):
 PSYoungGen      total 5120K, used 5096K [0x00000000eab00000, 0x00000000eb800000, 0x0000000100000000)
  eden space 2560K, 100% used [0x00000000eab00000,0x00000000ead80000,0x00000000ead80000)
  from space 2560K, 99% used [0x00000000ead80000,0x00000000eaffa000,0x00000000eb000000)
  to   space 5120K, 0% used [0x00000000eb300000,0x00000000eb300000,0x00000000eb800000)
 ParOldGen       total 584192K, used 584156K [0x00000000c0000000, 0x00000000e3a80000, 0x00000000eab00000)
  object space 584192K, 99% used [0x00000000c0000000,0x00000000e3a773b0,0x00000000e3a80000)
 Metaspace       used 100136K, committed 101824K, reserved 1179648K
  class space    used 9562K, committed 10432K, reserved 1048576K
}
Event: 3399.262 GC heap after
{Heap after GC invocations=6745 (full 29):
 PSYoungGen      total 5632K, used 2288K [0x00000000eab00000, 0x00000000eb580000, 0x0000000100000000)
  eden space 3072K, 0% used [0x00000000eab00000,0x00000000eab00000,0x00000000eae00000)
  from space 2560K, 89% used [0x00000000eb300000,0x00000000eb53c000,0x00000000eb580000)
  to   space 3584K, 0% used [0x00000000eae80000,0x00000000eae80000,0x00000000eb200000)
 ParOldGen       total 586752K, used 586436K [0x00000000c0000000, 0x00000000e3d00000, 0x00000000eab00000)
  object space 586752K, 99% used [0x00000000c0000000,0x00000000e3cb13b0,0x00000000e3d00000)
 Metaspace       used 100136K, committed 101824K, reserved 1179648K
  class space    used 9562K, committed 10432K, reserved 1048576K
}
Event: 3399.270 GC heap before
{Heap before GC invocations=6746 (full 29):
 PSYoungGen      total 5632K, used 5236K [0x00000000eab00000, 0x00000000eb580000, 0x0000000100000000)
  eden space 3072K, 95% used [0x00000000eab00000,0x00000000eade1118,0x00000000eae00000)
  from space 2560K, 89% used [0x00000000eb300000,0x00000000eb53c000,0x00000000eb580000)
  to   space 3584K, 0% used [0x00000000eae80000,0x00000000eae80000,0x00000000eb200000)
 ParOldGen       total 586752K, used 586436K [0x00000000c0000000, 0x00000000e3d00000, 0x00000000eab00000)
  object space 586752K, 99% used [0x00000000c0000000,0x00000000e3cb13b0,0x00000000e3d00000)
 Metaspace       used 100136K, committed 101824K, reserved 1179648K
  class space    used 9562K, committed 10432K, reserved 1048576K
}
Event: 3399.273 GC heap after
{Heap after GC invocations=6746 (full 29):
 PSYoungGen      total 7168K, used 2746K [0x00000000eab00000, 0x00000000eb500000, 0x0000000100000000)
  eden space 3584K, 0% used [0x00000000eab00000,0x00000000eab00000,0x00000000eae80000)
  from space 3584K, 76% used [0x00000000eae80000,0x00000000eb12e9b0,0x00000000eb200000)
  to   space 3072K, 0% used [0x00000000eb200000,0x00000000eb200000,0x00000000eb500000)
 ParOldGen       total 588288K, used 588092K [0x00000000c0000000, 0x00000000e3e80000, 0x00000000eab00000)
  object space 588288K, 99% used [0x00000000c0000000,0x00000000e3e4f3b0,0x00000000e3e80000)
 Metaspace       used 100136K, committed 101824K, reserved 1179648K
  class space    used 9562K, committed 10432K, reserved 1048576K
}
Event: 3399.282 GC heap before
{Heap before GC invocations=6747 (full 29):
 PSYoungGen      total 7168K, used 6330K [0x00000000eab00000, 0x00000000eb500000, 0x0000000100000000)
  eden space 3584K, 100% used [0x00000000eab00000,0x00000000eae80000,0x00000000eae80000)
  from space 3584K, 76% used [0x00000000eae80000,0x00000000eb12e9b0,0x00000000eb200000)
  to   space 3072K, 0% used [0x00000000eb200000,0x00000000eb200000,0x00000000eb500000)
 ParOldGen       total 588288K, used 588092K [0x00000000c0000000, 0x00000000e3e80000, 0x00000000eab00000)
  object space 588288K, 99% used [0x00000000c0000000,0x00000000e3e4f3b0,0x00000000e3e80000)
 Metaspace       used 100136K, committed 101824K, reserved 1179648K
  class space    used 9562K, committed 10432K, reserved 1048576K
}
Event: 3399.288 GC heap after
{Heap after GC invocations=6747 (full 29):
 PSYoungGen      total 7168K, used 2027K [0x00000000eab00000, 0x00000000eb480000, 0x0000000100000000)
  eden space 4608K, 0% used [0x00000000eab00000,0x00000000eab00000,0x00000000eaf80000)
  from space 2560K, 79% used [0x00000000eb200000,0x00000000eb3fadd0,0x00000000eb480000)
  to   space 2560K, 0% used [0x00000000eaf80000,0x00000000eaf80000,0x00000000eb200000)
 ParOldGen       total 590848K, used 590665K [0x00000000c0000000, 0x00000000e4100000, 0x00000000eab00000)
  object space 590848K, 99% used [0x00000000c0000000,0x00000000e40d2618,0x00000000e4100000)
 Metaspace       used 100136K, committed 101824K, reserved 1179648K
  class space    used 9562K, committed 10432K, reserved 1048576K
}
Event: 3399.300 GC heap before
{Heap before GC invocations=6748 (full 29):
 PSYoungGen      total 7168K, used 6614K [0x00000000eab00000, 0x00000000eb480000, 0x0000000100000000)
  eden space 4608K, 99% used [0x00000000eab00000,0x00000000eaf7ac10,0x00000000eaf80000)
  from space 2560K, 79% used [0x00000000eb200000,0x00000000eb3fadd0,0x00000000eb480000)
  to   space 2560K, 0% used [0x00000000eaf80000,0x00000000eaf80000,0x00000000eb200000)
 ParOldGen       total 590848K, used 590665K [0x00000000c0000000, 0x00000000e4100000, 0x00000000eab00000)
  object space 590848K, 99% used [0x00000000c0000000,0x00000000e40d2618,0x00000000e4100000)
 Metaspace       used 100136K, committed 101824K, reserved 1179648K
  class space    used 9562K, committed 10432K, reserved 1048576K
}
Event: 3399.302 GC heap after
{Heap after GC invocations=6748 (full 29):
 PSYoungGen      total 7168K, used 2534K [0x00000000eab00000, 0x00000000eba80000, 0x0000000100000000)
  eden space 4608K, 0% used [0x00000000eab00000,0x00000000eab00000,0x00000000eaf80000)
  from space 2560K, 99% used [0x00000000eaf80000,0x00000000eb1f9b68,0x00000000eb200000)
  to   space 5120K, 0% used [0x00000000eb580000,0x00000000eb580000,0x00000000eba80000)
 ParOldGen       total 592896K, used 592443K [0x00000000c0000000, 0x00000000e4300000, 0x00000000eab00000)
  object space 592896K, 99% used [0x00000000c0000000,0x00000000e428ef38,0x00000000e4300000)
 Metaspace       used 100136K, committed 101824K, reserved 1179648K
  class space    used 9562K, committed 10432K, reserved 1048576K
}
Event: 3399.315 GC heap before
{Heap before GC invocations=6749 (full 29):
 PSYoungGen      total 7168K, used 7142K [0x00000000eab00000, 0x00000000eba80000, 0x0000000100000000)
  eden space 4608K, 100% used [0x00000000eab00000,0x00000000eaf80000,0x00000000eaf80000)
  from space 2560K, 99% used [0x00000000eaf80000,0x00000000eb1f9b68,0x00000000eb200000)
  to   space 5120K, 0% used [0x00000000eb580000,0x00000000eb580000,0x00000000eba80000)
 ParOldGen       total 592896K, used 592443K [0x00000000c0000000, 0x00000000e4300000, 0x00000000eab00000)
  object space 592896K, 99% used [0x00000000c0000000,0x00000000e428ef38,0x00000000e4300000)
 Metaspace       used 100136K, committed 101824K, reserved 1179648K
  class space    used 9562K, committed 10432K, reserved 1048576K
}
Event: 3399.319 GC heap after
{Heap after GC invocations=6749 (full 29):
 PSYoungGen      total 7680K, used 1548K [0x00000000eab00000, 0x00000000eb780000, 0x0000000100000000)
  eden space 5632K, 0% used [0x00000000eab00000,0x00000000eab00000,0x00000000eb080000)
  from space 2048K, 75% used [0x00000000eb580000,0x00000000eb703100,0x00000000eb780000)
  to   space 2560K, 0% used [0x00000000eb280000,0x00000000eb280000,0x00000000eb500000)
 ParOldGen       total 595456K, used 594951K [0x00000000c0000000, 0x00000000e4580000, 0x00000000eab00000)
  object space 595456K, 99% used [0x00000000c0000000,0x00000000e4501c68,0x00000000e4580000)
 Metaspace       used 100136K, committed 101824K, reserved 1179648K
  class space    used 9562K, committed 10432K, reserved 1048576K
}
Event: 3399.405 GC heap before
{Heap before GC invocations=6750 (full 29):
 PSYoungGen      total 7680K, used 7180K [0x00000000eab00000, 0x00000000eb780000, 0x0000000100000000)
  eden space 5632K, 100% used [0x00000000eab00000,0x00000000eb080000,0x00000000eb080000)
  from space 2048K, 75% used [0x00000000eb580000,0x00000000eb703100,0x00000000eb780000)
  to   space 2560K, 0% used [0x00000000eb280000,0x00000000eb280000,0x00000000eb500000)
 ParOldGen       total 627200K, used 625671K [0x00000000c0000000, 0x00000000e6480000, 0x00000000eab00000)
  object space 627200K, 99% used [0x00000000c0000000,0x00000000e6301c98,0x00000000e6480000)
 Metaspace       used 100136K, committed 101824K, reserved 1179648K
  class space    used 9562K, committed 10432K, reserved 1048576K
}
Event: 3399.407 GC heap after
{Heap after GC invocations=6750 (full 29):
 PSYoungGen      total 8192K, used 612K [0x00000000eab00000, 0x00000000eb600000, 0x0000000100000000)
  eden space 7168K, 0% used [0x00000000eab00000,0x00000000eab00000,0x00000000eb200000)
  from space 1024K, 59% used [0x00000000eb280000,0x00000000eb319210,0x00000000eb380000)
  to   space 1536K, 0% used [0x00000000eb480000,0x00000000eb480000,0x00000000eb600000)
 ParOldGen       total 627200K, used 626751K [0x00000000c0000000, 0x00000000e6480000, 0x00000000eab00000)
  object space 627200K, 99% used [0x00000000c0000000,0x00000000e640fc98,0x00000000e6480000)
 Metaspace       used 100136K, committed 101824K, reserved 1179648K
  class space    used 9562K, committed 10432K, reserved 1048576K
}

